
> twt-partner-dashboard-backend@1.0.0 start:dev
> nest start --watch

[2J[3J[H[[90m9:35:37 AM[0m] Starting compilation in watch mode...

[[90m9:35:39 AM[0m] Found 0 errors. Watching for file changes.

[32m[Nest] 75178  - [39m10/07/2025, 9:35:40 AM [32m    LOG[39m [38;5;3m[NestFactory] [39m[32mStarting Nest application...[39m
[32m[Nest] 75178  - [39m10/07/2025, 9:35:40 AM [32m    LOG[39m [38;5;3m[InstanceLoader] [39m[32mContractsModule dependencies initialized[39m[38;5;3m +6ms[39m
[32m[Nest] 75178  - [39m10/07/2025, 9:35:40 AM [32m    LOG[39m [38;5;3m[InstanceLoader] [39m[32mConfigHostModule dependencies initialized[39m[38;5;3m +0ms[39m
[32m[Nest] 75178  - [39m10/07/2025, 9:35:40 AM [32m    LOG[39m [38;5;3m[InstanceLoader] [39m[32mHttpModule dependencies initialized[39m[38;5;3m +0ms[39m
[32m[Nest] 75178  - [39m10/07/2025, 9:35:40 AM [32m    LOG[39m [38;5;3m[TwtService] [39m[32mTWT Service initialized with base URL: https://reseller.twt.it/api/xdsl[39m
[32m[Nest] 75178  - [39m10/07/2025, 9:35:40 AM [32m    LOG[39m [38;5;3m[TwtService] [39m[32mUsing Basic Auth with username: GREENTEL_PAVONE[39m
[32m[Nest] 75178  - [39m10/07/2025, 9:35:40 AM [32m    LOG[39m [38;5;3m[InstanceLoader] [39m[32mAppModule dependencies initialized[39m[38;5;3m +0ms[39m
[32m[Nest] 75178  - [39m10/07/2025, 9:35:40 AM [32m    LOG[39m [38;5;3m[InstanceLoader] [39m[32mConfigModule dependencies initialized[39m[38;5;3m +0ms[39m
[32m[Nest] 75178  - [39m10/07/2025, 9:35:40 AM [32m    LOG[39m [38;5;3m[InstanceLoader] [39m[32mConfigModule dependencies initialized[39m[38;5;3m +0ms[39m
[32m[Nest] 75178  - [39m10/07/2025, 9:35:40 AM [32m    LOG[39m [38;5;3m[InstanceLoader] [39m[32mTwtModule dependencies initialized[39m[38;5;3m +1ms[39m
[32m[Nest] 75178  - [39m10/07/2025, 9:35:40 AM [32m    LOG[39m [38;5;3m[InstanceLoader] [39m[32mCoverageModule dependencies initialized[39m[38;5;3m +0ms[39m
[32m[Nest] 75178  - [39m10/07/2025, 9:35:40 AM [32m    LOG[39m [38;5;3m[Bootstrap] [39m[32mCORS enabled for frontend[39m
[32m[Nest] 75178  - [39m10/07/2025, 9:35:40 AM [32m    LOG[39m [38;5;3m[Bootstrap] [39m[32mGlobal validation pipe configured[39m
[32m[Nest] 75178  - [39m10/07/2025, 9:35:40 AM [32m    LOG[39m [38;5;3m[Bootstrap] [39m[32mGlobal exception filters configured[39m
[32m[Nest] 75178  - [39m10/07/2025, 9:35:40 AM [32m    LOG[39m [38;5;3m[Bootstrap] [39m[32mLogging interceptor enabled (development mode)[39m
[32m[Nest] 75178  - [39m10/07/2025, 9:35:40 AM [32m    LOG[39m [38;5;3m[Bootstrap] [39m[32mSwagger documentation available at /api/docs[39m
[32m[Nest] 75178  - [39m10/07/2025, 9:35:40 AM [32m    LOG[39m [38;5;3m[RoutesResolver] [39m[32mAppController {/}:[39m[38;5;3m +1ms[39m
[32m[Nest] 75178  - [39m10/07/2025, 9:35:40 AM [32m    LOG[39m [38;5;3m[RouterExplorer] [39m[32mMapped {/, GET} route[39m[38;5;3m +2ms[39m
[32m[Nest] 75178  - [39m10/07/2025, 9:35:40 AM [32m    LOG[39m [38;5;3m[RoutesResolver] [39m[32mCoverageController {/api/coverage}:[39m[38;5;3m +0ms[39m
[32m[Nest] 75178  - [39m10/07/2025, 9:35:40 AM [32m    LOG[39m [38;5;3m[RouterExplorer] [39m[32mMapped {/api/coverage/cities, GET} route[39m[38;5;3m +0ms[39m
[32m[Nest] 75178  - [39m10/07/2025, 9:35:40 AM [32m    LOG[39m [38;5;3m[RouterExplorer] [39m[32mMapped {/api/coverage/streets, GET} route[39m[38;5;3m +0ms[39m
[32m[Nest] 75178  - [39m10/07/2025, 9:35:40 AM [32m    LOG[39m [38;5;3m[RouterExplorer] [39m[32mMapped {/api/coverage/civics, GET} route[39m[38;5;3m +1ms[39m
[32m[Nest] 75178  - [39m10/07/2025, 9:35:40 AM [32m    LOG[39m [38;5;3m[RouterExplorer] [39m[32mMapped {/api/coverage/headers, GET} route[39m[38;5;3m +0ms[39m
[32m[Nest] 75178  - [39m10/07/2025, 9:35:40 AM [32m    LOG[39m [38;5;3m[RouterExplorer] [39m[32mMapped {/api/coverage/services, GET} route[39m[38;5;3m +0ms[39m
[32m[Nest] 75178  - [39m10/07/2025, 9:35:40 AM [32m    LOG[39m [38;5;3m[RouterExplorer] [39m[32mMapped {/api/coverage/geocode, GET} route[39m[38;5;3m +0ms[39m
[32m[Nest] 75178  - [39m10/07/2025, 9:35:40 AM [32m    LOG[39m [38;5;3m[RouterExplorer] [39m[32mMapped {/api/coverage/health, GET} route[39m[38;5;3m +0ms[39m
[32m[Nest] 75178  - [39m10/07/2025, 9:35:40 AM [32m    LOG[39m [38;5;3m[NestApplication] [39m[32mNest application successfully started[39m[38;5;3m +1ms[39m
[31m[Nest] 75178  - [39m10/07/2025, 9:35:40 AM [31m  ERROR[39m [38;5;3m[NestApplication] [39m[31mError: listen EADDRINUSE: address already in use :::3000[39m[38;5;3m +3ms[39m
Error starting application: Error: listen EADDRINUSE: address already in use :::3000
    at Server.setupListenHandle [as _listen2] (node:net:1908:16)
    at listenInCluster (node:net:1965:12)
    at Server.listen (node:net:2067:7)
    at ExpressAdapter.listen (/Users/mkou/GREEN-PARTNER-DASHBOARD/PARTNER-DASHBOARD/backend/node_modules/@nestjs/platform-express/adapters/express-adapter.js:127:32)
    at /Users/mkou/GREEN-PARTNER-DASHBOARD/PARTNER-DASHBOARD/backend/node_modules/@nestjs/core/nest-application.js:188:30
    at new Promise (<anonymous>)
    at NestApplication.listen (/Users/mkou/GREEN-PARTNER-DASHBOARD/PARTNER-DASHBOARD/backend/node_modules/@nestjs/core/nest-application.js:178:16)
    at async bootstrap (/Users/mkou/GREEN-PARTNER-DASHBOARD/PARTNER-DASHBOARD/backend/src/main.ts:92:3) {
  code: 'EADDRINUSE',
  errno: -48,
  syscall: 'listen',
  address: '::',
  port: 3000
}
[2J[3J[H[[90m10:32:31 AM[0m] File change detected. Starting incremental compilation...

[[90m10:32:31 AM[0m] Found 0 errors. Watching for file changes.

[32m[Nest] 77296  - [39m10/07/2025, 10:32:32 AM [32m    LOG[39m [38;5;3m[NestFactory] [39m[32mStarting Nest application...[39m
[32m[Nest] 77296  - [39m10/07/2025, 10:32:32 AM [32m    LOG[39m [38;5;3m[InstanceLoader] [39m[32mContractsModule dependencies initialized[39m[38;5;3m +7ms[39m
[32m[Nest] 77296  - [39m10/07/2025, 10:32:32 AM [32m    LOG[39m [38;5;3m[InstanceLoader] [39m[32mConfigHostModule dependencies initialized[39m[38;5;3m +1ms[39m
[32m[Nest] 77296  - [39m10/07/2025, 10:32:32 AM [32m    LOG[39m [38;5;3m[InstanceLoader] [39m[32mHttpModule dependencies initialized[39m[38;5;3m +0ms[39m
[32m[Nest] 77296  - [39m10/07/2025, 10:32:32 AM [32m    LOG[39m [38;5;3m[TwtService] [39m[32mTWT Service initialized with base URL: https://reseller.twt.it/api/xdsl[39m
[32m[Nest] 77296  - [39m10/07/2025, 10:32:32 AM [32m    LOG[39m [38;5;3m[TwtService] [39m[32mUsing Basic Auth with username: GREENTEL_PAVONE[39m
[32m[Nest] 77296  - [39m10/07/2025, 10:32:32 AM [32m    LOG[39m [38;5;3m[InstanceLoader] [39m[32mAppModule dependencies initialized[39m[38;5;3m +0ms[39m
[32m[Nest] 77296  - [39m10/07/2025, 10:32:32 AM [32m    LOG[39m [38;5;3m[InstanceLoader] [39m[32mConfigModule dependencies initialized[39m[38;5;3m +0ms[39m
[32m[Nest] 77296  - [39m10/07/2025, 10:32:32 AM [32m    LOG[39m [38;5;3m[InstanceLoader] [39m[32mConfigModule dependencies initialized[39m[38;5;3m +0ms[39m
[32m[Nest] 77296  - [39m10/07/2025, 10:32:32 AM [32m    LOG[39m [38;5;3m[InstanceLoader] [39m[32mTwtModule dependencies initialized[39m[38;5;3m +0ms[39m
[32m[Nest] 77296  - [39m10/07/2025, 10:32:32 AM [32m    LOG[39m [38;5;3m[InstanceLoader] [39m[32mCoverageModule dependencies initialized[39m[38;5;3m +0ms[39m
[32m[Nest] 77296  - [39m10/07/2025, 10:32:32 AM [32m    LOG[39m [38;5;3m[Bootstrap] [39m[32mCORS enabled for frontend[39m
[32m[Nest] 77296  - [39m10/07/2025, 10:32:32 AM [32m    LOG[39m [38;5;3m[Bootstrap] [39m[32mGlobal validation pipe configured[39m
[32m[Nest] 77296  - [39m10/07/2025, 10:32:32 AM [32m    LOG[39m [38;5;3m[Bootstrap] [39m[32mGlobal exception filters configured[39m
[32m[Nest] 77296  - [39m10/07/2025, 10:32:32 AM [32m    LOG[39m [38;5;3m[Bootstrap] [39m[32mLogging interceptor enabled (development mode)[39m
[32m[Nest] 77296  - [39m10/07/2025, 10:32:32 AM [32m    LOG[39m [38;5;3m[Bootstrap] [39m[32mSwagger documentation available at /api/docs[39m
[32m[Nest] 77296  - [39m10/07/2025, 10:32:32 AM [32m    LOG[39m [38;5;3m[RoutesResolver] [39m[32mAppController {/}:[39m[38;5;3m +0ms[39m
[32m[Nest] 77296  - [39m10/07/2025, 10:32:32 AM [32m    LOG[39m [38;5;3m[RouterExplorer] [39m[32mMapped {/, GET} route[39m[38;5;3m +2ms[39m
[32m[Nest] 77296  - [39m10/07/2025, 10:32:32 AM [32m    LOG[39m [38;5;3m[RoutesResolver] [39m[32mCoverageController {/api/coverage}:[39m[38;5;3m +0ms[39m
[32m[Nest] 77296  - [39m10/07/2025, 10:32:32 AM [32m    LOG[39m [38;5;3m[RouterExplorer] [39m[32mMapped {/api/coverage/cities, GET} route[39m[38;5;3m +0ms[39m
[32m[Nest] 77296  - [39m10/07/2025, 10:32:32 AM [32m    LOG[39m [38;5;3m[RouterExplorer] [39m[32mMapped {/api/coverage/streets, GET} route[39m[38;5;3m +0ms[39m
[32m[Nest] 77296  - [39m10/07/2025, 10:32:32 AM [32m    LOG[39m [38;5;3m[RouterExplorer] [39m[32mMapped {/api/coverage/civics, GET} route[39m[38;5;3m +0ms[39m
[32m[Nest] 77296  - [39m10/07/2025, 10:32:32 AM [32m    LOG[39m [38;5;3m[RouterExplorer] [39m[32mMapped {/api/coverage/headers, GET} route[39m[38;5;3m +1ms[39m
[32m[Nest] 77296  - [39m10/07/2025, 10:32:32 AM [32m    LOG[39m [38;5;3m[RouterExplorer] [39m[32mMapped {/api/coverage/services, GET} route[39m[38;5;3m +0ms[39m
[32m[Nest] 77296  - [39m10/07/2025, 10:32:32 AM [32m    LOG[39m [38;5;3m[RouterExplorer] [39m[32mMapped {/api/coverage/geocode, GET} route[39m[38;5;3m +0ms[39m
[32m[Nest] 77296  - [39m10/07/2025, 10:32:32 AM [32m    LOG[39m [38;5;3m[RouterExplorer] [39m[32mMapped {/api/coverage/health, GET} route[39m[38;5;3m +1ms[39m
[32m[Nest] 77296  - [39m10/07/2025, 10:32:32 AM [32m    LOG[39m [38;5;3m[NestApplication] [39m[32mNest application successfully started[39m[38;5;3m +1ms[39m
[32m[Nest] 77296  - [39m10/07/2025, 10:32:32 AM [32m    LOG[39m [38;5;3m[Bootstrap] [39m[32mApplication is running on: http://localhost:3000[39m
[32m[Nest] 77296  - [39m10/07/2025, 10:32:32 AM [32m    LOG[39m [38;5;3m[Bootstrap] [39m[32mEnvironment: development[39m
[32m[Nest] 77296  - [39m10/07/2025, 10:32:32 AM [32m    LOG[39m [38;5;3m[Bootstrap] [39m[32mSwagger UI: http://localhost:3000/api/docs[39m
[32m[Nest] 77296  - [39m10/07/2025, 10:32:42 AM [32m    LOG[39m [38;5;3m[LoggingInterceptor] [39m[32mIncoming Request: GET /api/coverage/services?headersId=403608508&headersId=403608512&cityEgon=38000001274&addressEgon=38000069719&mainEgon=380100007715713&streetNumber=17[39m
[32m[Nest] 77296  - [39m10/07/2025, 10:32:42 AM [32m    LOG[39m [38;5;3m[LoggingInterceptor] [39m[32m{"query":{"headersId":["403608508","403608512"],"cityEgon":"38000001274","addressEgon":"38000069719","mainEgon":"380100007715713","streetNumber":"17"}}[39m
[32m[Nest] 77296  - [39m10/07/2025, 10:32:42 AM [32m    LOG[39m [38;5;3m[CoverageController] [39m[32mChecking coverage for address with headers: 403608508,403608512[39m
[95m[Nest] 77296  - [39m10/07/2025, 10:32:42 AM [95m  DEBUG[39m [38;5;3m[TwtService] [39m[95mGetting coverage services for address: 38000069719, headers: 403608508,403608512[39m
[95m[Nest] 77296  - [39m10/07/2025, 10:32:45 AM [95m  DEBUG[39m [38;5;3m[TwtService] [39m[95mFound 6 services with TIM provider (filtered from 11 total)[39m
[32m[Nest] 77296  - [39m10/07/2025, 10:32:45 AM [32m    LOG[39m [38;5;3m[LoggingInterceptor] [39m[32mCompleted GET /api/coverage/services?headersId=403608508&headersId=403608512&cityEgon=38000001274&addressEgon=38000069719&mainEgon=380100007715713&streetNumber=17 - 2881ms[39m
[32m[Nest] 77296  - [39m10/07/2025, 10:33:21 AM [32m    LOG[39m [38;5;3m[LoggingInterceptor] [39m[32mIncoming Request: GET /api/coverage/services?headersId=403608508&headersId=403608512&cityEgon=38000001274&addressEgon=38000069719&mainEgon=380100007715713&streetNumber=17[39m
[32m[Nest] 77296  - [39m10/07/2025, 10:33:21 AM [32m    LOG[39m [38;5;3m[LoggingInterceptor] [39m[32m{"query":{"headersId":["403608508","403608512"],"cityEgon":"38000001274","addressEgon":"38000069719","mainEgon":"380100007715713","streetNumber":"17"}}[39m
[32m[Nest] 77296  - [39m10/07/2025, 10:33:21 AM [32m    LOG[39m [38;5;3m[CoverageController] [39m[32mChecking coverage for address with headers: 403608508,403608512[39m
[95m[Nest] 77296  - [39m10/07/2025, 10:33:21 AM [95m  DEBUG[39m [38;5;3m[TwtService] [39m[95mGetting coverage services for address: 38000069719, headers: 403608508,403608512[39m
[95m[Nest] 77296  - [39m10/07/2025, 10:33:23 AM [95m  DEBUG[39m [38;5;3m[TwtService] [39m[95mFound 6 services with TIM provider (filtered from 11 total)[39m
[32m[Nest] 77296  - [39m10/07/2025, 10:33:23 AM [32m    LOG[39m [38;5;3m[LoggingInterceptor] [39m[32mCompleted GET /api/coverage/services?headersId=403608508&headersId=403608512&cityEgon=38000001274&addressEgon=38000069719&mainEgon=380100007715713&streetNumber=17 - 1683ms[39m
[2J[3J[H[[90m10:37:43 AM[0m] File change detected. Starting incremental compilation...

[[90m10:37:43 AM[0m] Found 0 errors. Watching for file changes.

[32m[Nest] 77903  - [39m10/07/2025, 10:37:45 AM [32m    LOG[39m [38;5;3m[NestFactory] [39m[32mStarting Nest application...[39m
[32m[Nest] 77903  - [39m10/07/2025, 10:37:45 AM [32m    LOG[39m [38;5;3m[InstanceLoader] [39m[32mContractsModule dependencies initialized[39m[38;5;3m +6ms[39m
[32m[Nest] 77903  - [39m10/07/2025, 10:37:45 AM [32m    LOG[39m [38;5;3m[InstanceLoader] [39m[32mConfigHostModule dependencies initialized[39m[38;5;3m +0ms[39m
[32m[Nest] 77903  - [39m10/07/2025, 10:37:45 AM [32m    LOG[39m [38;5;3m[InstanceLoader] [39m[32mHttpModule dependencies initialized[39m[38;5;3m +0ms[39m
[32m[Nest] 77903  - [39m10/07/2025, 10:37:45 AM [32m    LOG[39m [38;5;3m[TwtService] [39m[32mTWT Service initialized with base URL: https://reseller.twt.it/api/xdsl[39m
[32m[Nest] 77903  - [39m10/07/2025, 10:37:45 AM [32m    LOG[39m [38;5;3m[TwtService] [39m[32mUsing Basic Auth with username: GREENTEL_PAVONE[39m
[32m[Nest] 77903  - [39m10/07/2025, 10:37:45 AM [32m    LOG[39m [38;5;3m[InstanceLoader] [39m[32mAppModule dependencies initialized[39m[38;5;3m +0ms[39m
[32m[Nest] 77903  - [39m10/07/2025, 10:37:45 AM [32m    LOG[39m [38;5;3m[InstanceLoader] [39m[32mConfigModule dependencies initialized[39m[38;5;3m +0ms[39m
[32m[Nest] 77903  - [39m10/07/2025, 10:37:45 AM [32m    LOG[39m [38;5;3m[InstanceLoader] [39m[32mConfigModule dependencies initialized[39m[38;5;3m +0ms[39m
[32m[Nest] 77903  - [39m10/07/2025, 10:37:45 AM [32m    LOG[39m [38;5;3m[InstanceLoader] [39m[32mTwtModule dependencies initialized[39m[38;5;3m +0ms[39m
[32m[Nest] 77903  - [39m10/07/2025, 10:37:45 AM [32m    LOG[39m [38;5;3m[InstanceLoader] [39m[32mCoverageModule dependencies initialized[39m[38;5;3m +0ms[39m
[32m[Nest] 77903  - [39m10/07/2025, 10:37:45 AM [32m    LOG[39m [38;5;3m[Bootstrap] [39m[32mCORS enabled for frontend[39m
[32m[Nest] 77903  - [39m10/07/2025, 10:37:45 AM [32m    LOG[39m [38;5;3m[Bootstrap] [39m[32mGlobal validation pipe configured[39m
[32m[Nest] 77903  - [39m10/07/2025, 10:37:45 AM [32m    LOG[39m [38;5;3m[Bootstrap] [39m[32mGlobal exception filters configured[39m
[32m[Nest] 77903  - [39m10/07/2025, 10:37:45 AM [32m    LOG[39m [38;5;3m[Bootstrap] [39m[32mLogging interceptor enabled (development mode)[39m
[32m[Nest] 77903  - [39m10/07/2025, 10:37:45 AM [32m    LOG[39m [38;5;3m[Bootstrap] [39m[32mSwagger documentation available at /api/docs[39m
[32m[Nest] 77903  - [39m10/07/2025, 10:37:45 AM [32m    LOG[39m [38;5;3m[RoutesResolver] [39m[32mAppController {/}:[39m[38;5;3m +1ms[39m
[32m[Nest] 77903  - [39m10/07/2025, 10:37:45 AM [32m    LOG[39m [38;5;3m[RouterExplorer] [39m[32mMapped {/, GET} route[39m[38;5;3m +1ms[39m
[32m[Nest] 77903  - [39m10/07/2025, 10:37:45 AM [32m    LOG[39m [38;5;3m[RoutesResolver] [39m[32mCoverageController {/api/coverage}:[39m[38;5;3m +0ms[39m
[32m[Nest] 77903  - [39m10/07/2025, 10:37:45 AM [32m    LOG[39m [38;5;3m[RouterExplorer] [39m[32mMapped {/api/coverage/cities, GET} route[39m[38;5;3m +1ms[39m
[32m[Nest] 77903  - [39m10/07/2025, 10:37:45 AM [32m    LOG[39m [38;5;3m[RouterExplorer] [39m[32mMapped {/api/coverage/streets, GET} route[39m[38;5;3m +0ms[39m
[32m[Nest] 77903  - [39m10/07/2025, 10:37:45 AM [32m    LOG[39m [38;5;3m[RouterExplorer] [39m[32mMapped {/api/coverage/civics, GET} route[39m[38;5;3m +0ms[39m
[32m[Nest] 77903  - [39m10/07/2025, 10:37:45 AM [32m    LOG[39m [38;5;3m[RouterExplorer] [39m[32mMapped {/api/coverage/headers, GET} route[39m[38;5;3m +0ms[39m
[32m[Nest] 77903  - [39m10/07/2025, 10:37:45 AM [32m    LOG[39m [38;5;3m[RouterExplorer] [39m[32mMapped {/api/coverage/services, GET} route[39m[38;5;3m +0ms[39m
[32m[Nest] 77903  - [39m10/07/2025, 10:37:45 AM [32m    LOG[39m [38;5;3m[RouterExplorer] [39m[32mMapped {/api/coverage/geocode, GET} route[39m[38;5;3m +1ms[39m
[32m[Nest] 77903  - [39m10/07/2025, 10:37:45 AM [32m    LOG[39m [38;5;3m[RouterExplorer] [39m[32mMapped {/api/coverage/health, GET} route[39m[38;5;3m +0ms[39m
[32m[Nest] 77903  - [39m10/07/2025, 10:37:45 AM [32m    LOG[39m [38;5;3m[NestApplication] [39m[32mNest application successfully started[39m[38;5;3m +1ms[39m
[31m[Nest] 77903  - [39m10/07/2025, 10:37:45 AM [31m  ERROR[39m [38;5;3m[NestApplication] [39m[31mError: listen EADDRINUSE: address already in use :::3000[39m[38;5;3m +3ms[39m
Error starting application: Error: listen EADDRINUSE: address already in use :::3000
    at Server.setupListenHandle [as _listen2] (node:net:1908:16)
    at listenInCluster (node:net:1965:12)
    at Server.listen (node:net:2067:7)
    at ExpressAdapter.listen (/Users/mkou/GREEN-PARTNER-DASHBOARD/PARTNER-DASHBOARD/backend/node_modules/@nestjs/platform-express/adapters/express-adapter.js:127:32)
    at /Users/mkou/GREEN-PARTNER-DASHBOARD/PARTNER-DASHBOARD/backend/node_modules/@nestjs/core/nest-application.js:188:30
    at new Promise (<anonymous>)
    at NestApplication.listen (/Users/mkou/GREEN-PARTNER-DASHBOARD/PARTNER-DASHBOARD/backend/node_modules/@nestjs/core/nest-application.js:178:16)
    at async bootstrap (/Users/mkou/GREEN-PARTNER-DASHBOARD/PARTNER-DASHBOARD/backend/src/main.ts:92:3) {
  code: 'EADDRINUSE',
  errno: -48,
  syscall: 'listen',
  address: '::',
  port: 3000
}
[2J[3J[H[[90m10:37:53 AM[0m] File change detected. Starting incremental compilation...

[[90m10:37:53 AM[0m] Found 0 errors. Watching for file changes.

[32m[Nest] 77942  - [39m10/07/2025, 10:37:53 AM [32m    LOG[39m [38;5;3m[NestFactory] [39m[32mStarting Nest application...[39m
[32m[Nest] 77942  - [39m10/07/2025, 10:37:53 AM [32m    LOG[39m [38;5;3m[InstanceLoader] [39m[32mContractsModule dependencies initialized[39m[38;5;3m +6ms[39m
[32m[Nest] 77942  - [39m10/07/2025, 10:37:53 AM [32m    LOG[39m [38;5;3m[InstanceLoader] [39m[32mConfigHostModule dependencies initialized[39m[38;5;3m +0ms[39m
[32m[Nest] 77942  - [39m10/07/2025, 10:37:53 AM [32m    LOG[39m [38;5;3m[InstanceLoader] [39m[32mHttpModule dependencies initialized[39m[38;5;3m +0ms[39m
[32m[Nest] 77942  - [39m10/07/2025, 10:37:53 AM [32m    LOG[39m [38;5;3m[TwtService] [39m[32mTWT Service initialized with base URL: https://reseller.twt.it/api/xdsl[39m
[32m[Nest] 77942  - [39m10/07/2025, 10:37:53 AM [32m    LOG[39m [38;5;3m[TwtService] [39m[32mUsing Basic Auth with username: GREENTEL_PAVONE[39m
[32m[Nest] 77942  - [39m10/07/2025, 10:37:53 AM [32m    LOG[39m [38;5;3m[InstanceLoader] [39m[32mAppModule dependencies initialized[39m[38;5;3m +0ms[39m
[32m[Nest] 77942  - [39m10/07/2025, 10:37:53 AM [32m    LOG[39m [38;5;3m[InstanceLoader] [39m[32mConfigModule dependencies initialized[39m[38;5;3m +0ms[39m
[32m[Nest] 77942  - [39m10/07/2025, 10:37:53 AM [32m    LOG[39m [38;5;3m[InstanceLoader] [39m[32mConfigModule dependencies initialized[39m[38;5;3m +0ms[39m
[32m[Nest] 77942  - [39m10/07/2025, 10:37:53 AM [32m    LOG[39m [38;5;3m[InstanceLoader] [39m[32mTwtModule dependencies initialized[39m[38;5;3m +0ms[39m
[32m[Nest] 77942  - [39m10/07/2025, 10:37:53 AM [32m    LOG[39m [38;5;3m[CoverageController] [39m[32mProvider filter active: 10[39m
[32m[Nest] 77942  - [39m10/07/2025, 10:37:53 AM [32m    LOG[39m [38;5;3m[InstanceLoader] [39m[32mCoverageModule dependencies initialized[39m[38;5;3m +0ms[39m
[32m[Nest] 77942  - [39m10/07/2025, 10:37:53 AM [32m    LOG[39m [38;5;3m[Bootstrap] [39m[32mCORS enabled for frontend[39m
[32m[Nest] 77942  - [39m10/07/2025, 10:37:53 AM [32m    LOG[39m [38;5;3m[Bootstrap] [39m[32mGlobal validation pipe configured[39m
[32m[Nest] 77942  - [39m10/07/2025, 10:37:53 AM [32m    LOG[39m [38;5;3m[Bootstrap] [39m[32mGlobal exception filters configured[39m
[32m[Nest] 77942  - [39m10/07/2025, 10:37:53 AM [32m    LOG[39m [38;5;3m[Bootstrap] [39m[32mLogging interceptor enabled (development mode)[39m
[32m[Nest] 77942  - [39m10/07/2025, 10:37:53 AM [32m    LOG[39m [38;5;3m[Bootstrap] [39m[32mSwagger documentation available at /api/docs[39m
[32m[Nest] 77942  - [39m10/07/2025, 10:37:53 AM [32m    LOG[39m [38;5;3m[RoutesResolver] [39m[32mAppController {/}:[39m[38;5;3m +1ms[39m
[32m[Nest] 77942  - [39m10/07/2025, 10:37:53 AM [32m    LOG[39m [38;5;3m[RouterExplorer] [39m[32mMapped {/, GET} route[39m[38;5;3m +1ms[39m
[32m[Nest] 77942  - [39m10/07/2025, 10:37:53 AM [32m    LOG[39m [38;5;3m[RoutesResolver] [39m[32mCoverageController {/api/coverage}:[39m[38;5;3m +0ms[39m
[32m[Nest] 77942  - [39m10/07/2025, 10:37:53 AM [32m    LOG[39m [38;5;3m[RouterExplorer] [39m[32mMapped {/api/coverage/cities, GET} route[39m[38;5;3m +0ms[39m
[32m[Nest] 77942  - [39m10/07/2025, 10:37:53 AM [32m    LOG[39m [38;5;3m[RouterExplorer] [39m[32mMapped {/api/coverage/streets, GET} route[39m[38;5;3m +1ms[39m
[32m[Nest] 77942  - [39m10/07/2025, 10:37:53 AM [32m    LOG[39m [38;5;3m[RouterExplorer] [39m[32mMapped {/api/coverage/civics, GET} route[39m[38;5;3m +0ms[39m
[32m[Nest] 77942  - [39m10/07/2025, 10:37:53 AM [32m    LOG[39m [38;5;3m[RouterExplorer] [39m[32mMapped {/api/coverage/headers, GET} route[39m[38;5;3m +0ms[39m
[32m[Nest] 77942  - [39m10/07/2025, 10:37:53 AM [32m    LOG[39m [38;5;3m[RouterExplorer] [39m[32mMapped {/api/coverage/services, GET} route[39m[38;5;3m +0ms[39m
[32m[Nest] 77942  - [39m10/07/2025, 10:37:53 AM [32m    LOG[39m [38;5;3m[RouterExplorer] [39m[32mMapped {/api/coverage/geocode, GET} route[39m[38;5;3m +0ms[39m
[32m[Nest] 77942  - [39m10/07/2025, 10:37:53 AM [32m    LOG[39m [38;5;3m[RouterExplorer] [39m[32mMapped {/api/coverage/health, GET} route[39m[38;5;3m +0ms[39m
[32m[Nest] 77942  - [39m10/07/2025, 10:37:53 AM [32m    LOG[39m [38;5;3m[NestApplication] [39m[32mNest application successfully started[39m[38;5;3m +2ms[39m
[32m[Nest] 77942  - [39m10/07/2025, 10:37:53 AM [32m    LOG[39m [38;5;3m[Bootstrap] [39m[32mApplication is running on: http://localhost:3000[39m
[32m[Nest] 77942  - [39m10/07/2025, 10:37:53 AM [32m    LOG[39m [38;5;3m[Bootstrap] [39m[32mEnvironment: development[39m
[32m[Nest] 77942  - [39m10/07/2025, 10:37:53 AM [32m    LOG[39m [38;5;3m[Bootstrap] [39m[32mSwagger UI: http://localhost:3000/api/docs[39m
[2J[3J[H[[90m10:38:05 AM[0m] File change detected. Starting incremental compilation...

[[90m10:38:05 AM[0m] Found 0 errors. Watching for file changes.

[32m[Nest] 77980  - [39m10/07/2025, 10:38:06 AM [32m    LOG[39m [38;5;3m[NestFactory] [39m[32mStarting Nest application...[39m
[32m[Nest] 77980  - [39m10/07/2025, 10:38:06 AM [32m    LOG[39m [38;5;3m[InstanceLoader] [39m[32mContractsModule dependencies initialized[39m[38;5;3m +7ms[39m
[32m[Nest] 77980  - [39m10/07/2025, 10:38:06 AM [32m    LOG[39m [38;5;3m[InstanceLoader] [39m[32mConfigHostModule dependencies initialized[39m[38;5;3m +0ms[39m
[32m[Nest] 77980  - [39m10/07/2025, 10:38:06 AM [32m    LOG[39m [38;5;3m[InstanceLoader] [39m[32mHttpModule dependencies initialized[39m[38;5;3m +0ms[39m
[32m[Nest] 77980  - [39m10/07/2025, 10:38:06 AM [32m    LOG[39m [38;5;3m[TwtService] [39m[32mTWT Service initialized with base URL: https://reseller.twt.it/api/xdsl[39m
[32m[Nest] 77980  - [39m10/07/2025, 10:38:06 AM [32m    LOG[39m [38;5;3m[TwtService] [39m[32mUsing Basic Auth with username: GREENTEL_PAVONE[39m
[32m[Nest] 77980  - [39m10/07/2025, 10:38:06 AM [32m    LOG[39m [38;5;3m[InstanceLoader] [39m[32mAppModule dependencies initialized[39m[38;5;3m +0ms[39m
[32m[Nest] 77980  - [39m10/07/2025, 10:38:06 AM [32m    LOG[39m [38;5;3m[InstanceLoader] [39m[32mConfigModule dependencies initialized[39m[38;5;3m +0ms[39m
[32m[Nest] 77980  - [39m10/07/2025, 10:38:06 AM [32m    LOG[39m [38;5;3m[InstanceLoader] [39m[32mConfigModule dependencies initialized[39m[38;5;3m +0ms[39m
[32m[Nest] 77980  - [39m10/07/2025, 10:38:06 AM [32m    LOG[39m [38;5;3m[InstanceLoader] [39m[32mTwtModule dependencies initialized[39m[38;5;3m +0ms[39m
[32m[Nest] 77980  - [39m10/07/2025, 10:38:06 AM [32m    LOG[39m [38;5;3m[CoverageController] [39m[32mProvider filter active: 10[39m
[32m[Nest] 77980  - [39m10/07/2025, 10:38:06 AM [32m    LOG[39m [38;5;3m[InstanceLoader] [39m[32mCoverageModule dependencies initialized[39m[38;5;3m +0ms[39m
[32m[Nest] 77980  - [39m10/07/2025, 10:38:06 AM [32m    LOG[39m [38;5;3m[Bootstrap] [39m[32mCORS enabled for frontend[39m
[32m[Nest] 77980  - [39m10/07/2025, 10:38:06 AM [32m    LOG[39m [38;5;3m[Bootstrap] [39m[32mGlobal validation pipe configured[39m
[32m[Nest] 77980  - [39m10/07/2025, 10:38:06 AM [32m    LOG[39m [38;5;3m[Bootstrap] [39m[32mGlobal exception filters configured[39m
[32m[Nest] 77980  - [39m10/07/2025, 10:38:06 AM [32m    LOG[39m [38;5;3m[Bootstrap] [39m[32mLogging interceptor enabled (development mode)[39m
[32m[Nest] 77980  - [39m10/07/2025, 10:38:06 AM [32m    LOG[39m [38;5;3m[Bootstrap] [39m[32mSwagger documentation available at /api/docs[39m
[32m[Nest] 77980  - [39m10/07/2025, 10:38:06 AM [32m    LOG[39m [38;5;3m[RoutesResolver] [39m[32mAppController {/}:[39m[38;5;3m +1ms[39m
[32m[Nest] 77980  - [39m10/07/2025, 10:38:06 AM [32m    LOG[39m [38;5;3m[RouterExplorer] [39m[32mMapped {/, GET} route[39m[38;5;3m +1ms[39m
[32m[Nest] 77980  - [39m10/07/2025, 10:38:06 AM [32m    LOG[39m [38;5;3m[RoutesResolver] [39m[32mCoverageController {/api/coverage}:[39m[38;5;3m +0ms[39m
[32m[Nest] 77980  - [39m10/07/2025, 10:38:06 AM [32m    LOG[39m [38;5;3m[RouterExplorer] [39m[32mMapped {/api/coverage/cities, GET} route[39m[38;5;3m +0ms[39m
[32m[Nest] 77980  - [39m10/07/2025, 10:38:06 AM [32m    LOG[39m [38;5;3m[RouterExplorer] [39m[32mMapped {/api/coverage/streets, GET} route[39m[38;5;3m +0ms[39m
[32m[Nest] 77980  - [39m10/07/2025, 10:38:06 AM [32m    LOG[39m [38;5;3m[RouterExplorer] [39m[32mMapped {/api/coverage/civics, GET} route[39m[38;5;3m +1ms[39m
[32m[Nest] 77980  - [39m10/07/2025, 10:38:06 AM [32m    LOG[39m [38;5;3m[RouterExplorer] [39m[32mMapped {/api/coverage/headers, GET} route[39m[38;5;3m +0ms[39m
[32m[Nest] 77980  - [39m10/07/2025, 10:38:06 AM [32m    LOG[39m [38;5;3m[RouterExplorer] [39m[32mMapped {/api/coverage/services, GET} route[39m[38;5;3m +0ms[39m
[32m[Nest] 77980  - [39m10/07/2025, 10:38:06 AM [32m    LOG[39m [38;5;3m[RouterExplorer] [39m[32mMapped {/api/coverage/geocode, GET} route[39m[38;5;3m +0ms[39m
[32m[Nest] 77980  - [39m10/07/2025, 10:38:06 AM [32m    LOG[39m [38;5;3m[RouterExplorer] [39m[32mMapped {/api/coverage/health, GET} route[39m[38;5;3m +0ms[39m
[32m[Nest] 77980  - [39m10/07/2025, 10:38:06 AM [32m    LOG[39m [38;5;3m[NestApplication] [39m[32mNest application successfully started[39m[38;5;3m +2ms[39m
[31m[Nest] 77980  - [39m10/07/2025, 10:38:06 AM [31m  ERROR[39m [38;5;3m[NestApplication] [39m[31mError: listen EADDRINUSE: address already in use :::3000[39m[38;5;3m +1ms[39m
Error starting application: Error: listen EADDRINUSE: address already in use :::3000
    at Server.setupListenHandle [as _listen2] (node:net:1908:16)
    at listenInCluster (node:net:1965:12)
    at Server.listen (node:net:2067:7)
    at ExpressAdapter.listen (/Users/mkou/GREEN-PARTNER-DASHBOARD/PARTNER-DASHBOARD/backend/node_modules/@nestjs/platform-express/adapters/express-adapter.js:127:32)
    at /Users/mkou/GREEN-PARTNER-DASHBOARD/PARTNER-DASHBOARD/backend/node_modules/@nestjs/core/nest-application.js:188:30
    at new Promise (<anonymous>)
    at NestApplication.listen (/Users/mkou/GREEN-PARTNER-DASHBOARD/PARTNER-DASHBOARD/backend/node_modules/@nestjs/core/nest-application.js:178:16)
    at async bootstrap (/Users/mkou/GREEN-PARTNER-DASHBOARD/PARTNER-DASHBOARD/backend/src/main.ts:92:3) {
  code: 'EADDRINUSE',
  errno: -48,
  syscall: 'listen',
  address: '::',
  port: 3000
}
